Using pre-set license
Built from '2020.3/staging' branch; Version is '2020.3.4f1 (0abb6314276a) revision 703331'; Using compiler version '192528614'; Build Type 'Release'
OS: 'Windows 10 Home; OS build 19043.1165; Version 2009; 64bit' Language: 'en' Physical Memory: 16299 MB
BatchMode: 1, IsHumanControllingUs: 0, StartBugReporterOnCrash: 0, Is64bit: 1, IsPro: 0

 COMMAND LINE ARGUMENTS:
C:\Program Files\Unity\2020.3.4f1\Editor\Unity.exe
-adb2
-batchMode
-noUpm
-name
AssetImportWorker1
-projectPath
F:/Documents/UnityProjects/KennyJam2021
-logFile
Logs/AssetImportWorker1.log
-srvPort
50177
Successfully changed project path to: F:/Documents/UnityProjects/KennyJam2021
F:/Documents/UnityProjects/KennyJam2021
Using Asset Import Pipeline V2.
Refreshing native plugins compatible for Editor in 54.57 ms, found 1 plugins.
Preloading 0 native plugins for Editor in 0.00 ms.
Initialize engine version: 2020.3.4f1 (0abb6314276a)
[Subsystems] Discovering subsystems at path C:/Program Files/Unity/2020.3.4f1/Editor/Data/Resources/UnitySubsystems
[Subsystems] Discovering subsystems at path F:/Documents/UnityProjects/KennyJam2021/Assets
GfxDevice: creating device client; threaded=0
Direct3D:
    Version:  Direct3D 11.0 [level 11.1]
    Renderer: NVIDIA GeForce GTX 960 (ID=0x1401)
    Vendor:   
    VRAM:     4053 MB
    Driver:   27.21.14.6663
Shader 'Universal Render Pipeline/Particles/Lit': fallback shader 'Universal Render Pipeline/Particles/SimpleLit' not found
Initialize mono
Mono path[0] = 'C:/Program Files/Unity/2020.3.4f1/Editor/Data/Managed'
Mono path[1] = 'C:/Program Files/Unity/2020.3.4f1/Editor/Data/MonoBleedingEdge/lib/mono/unityjit'
Mono config path = 'C:/Program Files/Unity/2020.3.4f1/Editor/Data/MonoBleedingEdge/etc'
Using monoOptions --debugger-agent=transport=dt_socket,embedding=1,server=y,suspend=n,address=127.0.0.1:56588
Begin MonoManager ReloadAssembly
Registering precompiled unity dll's ...
Register platform support module: C:/Program Files/Unity/2020.3.4f1/Editor/Data/PlaybackEngines/WebGLSupport/UnityEditor.WebGL.Extensions.dll
Register platform support module: C:/Program Files/Unity/2020.3.4f1/Editor/Data/PlaybackEngines/WindowsStandaloneSupport/UnityEditor.WindowsStandalone.Extensions.dll
Registered in 0.002236 seconds.
Native extension for WindowsStandalone target not found
Native extension for WebGL target not found
Refreshing native plugins compatible for Editor in 53.90 ms, found 1 plugins.
Preloading 0 native plugins for Editor in 0.00 ms.
Mono: successfully reloaded assembly
- Completed reload, in  2.414 seconds
Platform modules already initialized, skipping
Registering precompiled user dll's ...
Registered in 0.001497 seconds.
Begin MonoManager ReloadAssembly
Native extension for WindowsStandalone target not found
Native extension for WebGL target not found
Refreshing native plugins compatible for Editor in 57.76 ms, found 1 plugins.
Preloading 0 native plugins for Editor in 0.00 ms.
Mono: successfully reloaded assembly
- Completed reload, in  0.941 seconds
Platform modules already initialized, skipping
========================================================================
Worker process is ready to serve import requests
Shader 'Universal Render Pipeline/Particles/Lit': fallback shader 'Universal Render Pipeline/Particles/SimpleLit' not found
Launched and connected shader compiler UnityShaderCompiler.exe after 0.05 seconds
Refreshing native plugins compatible for Editor in 0.54 ms, found 1 plugins.
Preloading 0 native plugins for Editor in 0.00 ms.
Unloading 2989 Unused Serialized files (Serialized files now loaded: 0)
System memory in use before: 155.6 MB.
System memory in use after: 155.7 MB.

Unloading 25 unused Assets to reduce memory usage. Loaded Objects now: 3453.
Total: 2.177800 ms (FindLiveObjects: 0.262700 ms CreateObjectMapping: 0.136600 ms MarkObjects: 1.660800 ms  DeleteObjects: 0.116800 ms)

========================================================================
Received Import Request.
  path: Assets/Resources/ScriptableObjects/WaveData/asteroid_00.asset
  artifactKey: Guid(e626aa1bc88e37345a11903a1f80073f) Importer(815301076,1909f56bfc062723c751e8b465ee728b)
Start importing Assets/Resources/ScriptableObjects/WaveData/asteroid_00.asset using Guid(e626aa1bc88e37345a11903a1f80073f) Importer(815301076,1909f56bfc062723c751e8b465ee728b)  -> (artifact id: '52369650266d7e07794c4f5ee59984dd') in 0.043672 seconds
  Import took 0.066660 seconds .

========================================================================
Received Import Request.
  Time since last request: 6.726356 seconds.
  path: Assets/Resources/ScriptableObjects/WaveData/asteroid_01.asset
  artifactKey: Guid(977388f8a20bda64192c1ceb82143d74) Importer(815301076,1909f56bfc062723c751e8b465ee728b)
Start importing Assets/Resources/ScriptableObjects/WaveData/asteroid_01.asset using Guid(977388f8a20bda64192c1ceb82143d74) Importer(815301076,1909f56bfc062723c751e8b465ee728b)  -> (artifact id: '3b667e1b5afd6efd9b16e78e91b9d231') in 0.007762 seconds
  Import took 0.012132 seconds .

========================================================================
Received Import Request.
  Time since last request: 15.578850 seconds.
  path: Assets/Resources/ScriptableObjects/WaveData/asteroid_02.asset
  artifactKey: Guid(e24687fe731e3e04e87a7380c4a6b6f5) Importer(815301076,1909f56bfc062723c751e8b465ee728b)
Start importing Assets/Resources/ScriptableObjects/WaveData/asteroid_02.asset using Guid(e24687fe731e3e04e87a7380c4a6b6f5) Importer(815301076,1909f56bfc062723c751e8b465ee728b)  -> (artifact id: '215188de0c5e08b395f142cabd0fdf89') in 0.004294 seconds
  Import took 0.015495 seconds .

========================================================================
Received Import Request.
  Time since last request: 11.610119 seconds.
  path: Assets/Resources/ScriptableObjects/WaveData/asteroid_03.asset
  artifactKey: Guid(577f148e38212a240bf43a9e3d91e59e) Importer(815301076,1909f56bfc062723c751e8b465ee728b)
Start importing Assets/Resources/ScriptableObjects/WaveData/asteroid_03.asset using Guid(577f148e38212a240bf43a9e3d91e59e) Importer(815301076,1909f56bfc062723c751e8b465ee728b)  -> (artifact id: 'ea3cfaf9240a16d2f02bcd6f7925096f') in 0.007133 seconds
  Import took 0.019758 seconds .

========================================================================
Received Import Request.
  Time since last request: 12.731813 seconds.
  path: Assets/Resources/ScriptableObjects/WaveData/asteroid_04.asset
  artifactKey: Guid(f9ec5c4a4bd168a4095cd236bf3da58c) Importer(815301076,1909f56bfc062723c751e8b465ee728b)
Start importing Assets/Resources/ScriptableObjects/WaveData/asteroid_04.asset using Guid(f9ec5c4a4bd168a4095cd236bf3da58c) Importer(815301076,1909f56bfc062723c751e8b465ee728b)  -> (artifact id: '76aad847a03424a9802f69c02603a156') in 0.007707 seconds
  Import took 0.012399 seconds .

========================================================================
Received Import Request.
  Time since last request: 20.869114 seconds.
  path: Assets/Resources/ScriptableObjects/WaveData/asteroid_03.asset
  artifactKey: Guid(577f148e38212a240bf43a9e3d91e59e) Importer(815301076,1909f56bfc062723c751e8b465ee728b)
Start importing Assets/Resources/ScriptableObjects/WaveData/asteroid_03.asset using Guid(577f148e38212a240bf43a9e3d91e59e) Importer(815301076,1909f56bfc062723c751e8b465ee728b)  -> (artifact id: '3938fa3b03bc3d3aa48b3abc8760edb5') in 0.003515 seconds
  Import took 0.008214 seconds .

========================================================================
Received Import Request.
  Time since last request: 0.001317 seconds.
  path: Assets/Resources/ScriptableObjects/WaveData/asteroid_03.asset
  artifactKey: Guid(577f148e38212a240bf43a9e3d91e59e) Importer(815301076,1909f56bfc062723c751e8b465ee728b)
Start importing Assets/Resources/ScriptableObjects/WaveData/asteroid_03.asset using Guid(577f148e38212a240bf43a9e3d91e59e) Importer(815301076,1909f56bfc062723c751e8b465ee728b)  -> (artifact id: '3938fa3b03bc3d3aa48b3abc8760edb5') in 0.003186 seconds
  Import took 0.007829 seconds .

========================================================================
Received Import Request.
  Time since last request: 9.745680 seconds.
  path: Assets/Resources/ScriptableObjects/WaveData/asteroid_00.asset
  artifactKey: Guid(e626aa1bc88e37345a11903a1f80073f) Importer(815301076,1909f56bfc062723c751e8b465ee728b)
Start importing Assets/Resources/ScriptableObjects/WaveData/asteroid_00.asset using Guid(e626aa1bc88e37345a11903a1f80073f) Importer(815301076,1909f56bfc062723c751e8b465ee728b)  -> (artifact id: 'ba436cf01512a3c2bacc88b471bfde00') in 0.003453 seconds
  Import took 0.017526 seconds .

========================================================================
Received Import Request.
  Time since last request: 1.890554 seconds.
  path: Assets/Resources/ScriptableObjects/WaveData/asteroid_01.asset
  artifactKey: Guid(977388f8a20bda64192c1ceb82143d74) Importer(815301076,1909f56bfc062723c751e8b465ee728b)
Start importing Assets/Resources/ScriptableObjects/WaveData/asteroid_01.asset using Guid(977388f8a20bda64192c1ceb82143d74) Importer(815301076,1909f56bfc062723c751e8b465ee728b)  -> (artifact id: 'bc7b2fa3d00a28a950cbccdc6e2af83b') in 0.003832 seconds
  Import took 0.008893 seconds .

========================================================================
Received Import Request.
  Time since last request: 0.001558 seconds.
  path: Assets/Resources/ScriptableObjects/WaveData/asteroid_01.asset
  artifactKey: Guid(977388f8a20bda64192c1ceb82143d74) Importer(815301076,1909f56bfc062723c751e8b465ee728b)
Start importing Assets/Resources/ScriptableObjects/WaveData/asteroid_01.asset using Guid(977388f8a20bda64192c1ceb82143d74) Importer(815301076,1909f56bfc062723c751e8b465ee728b)  -> (artifact id: 'bc7b2fa3d00a28a950cbccdc6e2af83b') in 0.003870 seconds
  Import took 0.008424 seconds .

========================================================================
Received Import Request.
  Time since last request: 1.546533 seconds.
  path: Assets/Resources/ScriptableObjects/WaveData/asteroid_02.asset
  artifactKey: Guid(e24687fe731e3e04e87a7380c4a6b6f5) Importer(815301076,1909f56bfc062723c751e8b465ee728b)
Start importing Assets/Resources/ScriptableObjects/WaveData/asteroid_02.asset using Guid(e24687fe731e3e04e87a7380c4a6b6f5) Importer(815301076,1909f56bfc062723c751e8b465ee728b)  -> (artifact id: '448921b22f0ddf4fde137b953daa1d60') in 0.004124 seconds
  Import took 0.008657 seconds .

========================================================================
Received Import Request.
  Time since last request: 0.001668 seconds.
  path: Assets/Resources/ScriptableObjects/WaveData/asteroid_02.asset
  artifactKey: Guid(e24687fe731e3e04e87a7380c4a6b6f5) Importer(815301076,1909f56bfc062723c751e8b465ee728b)
Start importing Assets/Resources/ScriptableObjects/WaveData/asteroid_02.asset using Guid(e24687fe731e3e04e87a7380c4a6b6f5) Importer(815301076,1909f56bfc062723c751e8b465ee728b)  -> (artifact id: '448921b22f0ddf4fde137b953daa1d60') in 0.003337 seconds
  Import took 0.007865 seconds .

========================================================================
Received Import Request.
  Time since last request: 10.941924 seconds.
  path: Assets/Resources/ScriptableObjects/WaveData/asteroid_04.asset
  artifactKey: Guid(f9ec5c4a4bd168a4095cd236bf3da58c) Importer(815301076,1909f56bfc062723c751e8b465ee728b)
Start importing Assets/Resources/ScriptableObjects/WaveData/asteroid_04.asset using Guid(f9ec5c4a4bd168a4095cd236bf3da58c) Importer(815301076,1909f56bfc062723c751e8b465ee728b)  -> (artifact id: 'b0b89bec8a6e403a48d433806079e746') in 0.005157 seconds
  Import took 0.010424 seconds .

========================================================================
Received Import Request.
  Time since last request: 0.003627 seconds.
  path: Assets/Resources/ScriptableObjects/WaveData/asteroid_04.asset
  artifactKey: Guid(f9ec5c4a4bd168a4095cd236bf3da58c) Importer(815301076,1909f56bfc062723c751e8b465ee728b)
Start importing Assets/Resources/ScriptableObjects/WaveData/asteroid_04.asset using Guid(f9ec5c4a4bd168a4095cd236bf3da58c) Importer(815301076,1909f56bfc062723c751e8b465ee728b)  -> (artifact id: 'b0b89bec8a6e403a48d433806079e746') in 0.004826 seconds
  Import took 0.009663 seconds .

========================================================================
Received Import Request.
  Time since last request: 6.785425 seconds.
  path: Assets/Resources/ScriptableObjects/WaveData/asteroid_04.asset
  artifactKey: Guid(f9ec5c4a4bd168a4095cd236bf3da58c) Importer(815301076,1909f56bfc062723c751e8b465ee728b)
Start importing Assets/Resources/ScriptableObjects/WaveData/asteroid_04.asset using Guid(f9ec5c4a4bd168a4095cd236bf3da58c) Importer(815301076,1909f56bfc062723c751e8b465ee728b)  -> (artifact id: 'd3a24fa4c1ef3abccc1114471441f546') in 0.004806 seconds
  Import took 0.009403 seconds .

========================================================================
Received Prepare
Registering precompiled user dll's ...
Registered in 0.001761 seconds.
Begin MonoManager ReloadAssembly
Native extension for WindowsStandalone target not found
Native extension for WebGL target not found
Refreshing native plugins compatible for Editor in 0.53 ms, found 1 plugins.
Preloading 0 native plugins for Editor in 0.00 ms.
Mono: successfully reloaded assembly
- Completed reload, in  0.850 seconds
Platform modules already initialized, skipping
Shader 'Universal Render Pipeline/Particles/Lit': fallback shader 'Universal Render Pipeline/Particles/SimpleLit' not found
Refreshing native plugins compatible for Editor in 0.53 ms, found 1 plugins.
Preloading 0 native plugins for Editor in 0.00 ms.
Unloading 2867 Unused Serialized files (Serialized files now loaded: 0)
System memory in use before: 147.4 MB.
System memory in use after: 147.5 MB.

Unloading 13 unused Assets to reduce memory usage. Loaded Objects now: 3457.
Total: 3.097400 ms (FindLiveObjects: 0.276900 ms CreateObjectMapping: 0.138100 ms MarkObjects: 2.579700 ms  DeleteObjects: 0.101900 ms)

========================================================================
Received Import Request.
  Time since last request: 37.966229 seconds.
  path: Assets/Resources/ScriptableObjects/SpawnData/Asteroid_M_slow.asset
  artifactKey: Guid(8def65175e702934cb19010d0d38db16) Importer(815301076,1909f56bfc062723c751e8b465ee728b)
Start importing Assets/Resources/ScriptableObjects/SpawnData/Asteroid_M_slow.asset using Guid(8def65175e702934cb19010d0d38db16) Importer(815301076,1909f56bfc062723c751e8b465ee728b)  -> (artifact id: 'eeeb0fbdc79a2ed463f6bef2e38c5d8f') in 0.018868 seconds
  Import took 0.024968 seconds .

========================================================================
Received Prepare
Registering precompiled user dll's ...
Registered in 0.001584 seconds.
Begin MonoManager ReloadAssembly
Native extension for WindowsStandalone target not found
Native extension for WebGL target not found
Refreshing native plugins compatible for Editor in 0.52 ms, found 1 plugins.
Preloading 0 native plugins for Editor in 0.00 ms.
Mono: successfully reloaded assembly
- Completed reload, in  0.862 seconds
Platform modules already initialized, skipping
Shader 'Universal Render Pipeline/Particles/Lit': fallback shader 'Universal Render Pipeline/Particles/SimpleLit' not found
Refreshing native plugins compatible for Editor in 0.52 ms, found 1 plugins.
Preloading 0 native plugins for Editor in 0.00 ms.
Unloading 2867 Unused Serialized files (Serialized files now loaded: 0)
System memory in use before: 147.4 MB.
System memory in use after: 147.5 MB.

Unloading 13 unused Assets to reduce memory usage. Loaded Objects now: 3461.
Total: 2.355200 ms (FindLiveObjects: 0.273200 ms CreateObjectMapping: 0.131400 ms MarkObjects: 1.847100 ms  DeleteObjects: 0.102700 ms)

========================================================================
Received Import Request.
  Time since last request: 47.228589 seconds.
  path: Assets/Resources/Prefabs/Bullets/bullet_player.prefab
  artifactKey: Guid(cd58015650d81ea4aab5698c4b420de9) Importer(815301076,1909f56bfc062723c751e8b465ee728b)
Start importing Assets/Resources/Prefabs/Bullets/bullet_player.prefab using Guid(cd58015650d81ea4aab5698c4b420de9) Importer(815301076,1909f56bfc062723c751e8b465ee728b)  -> (artifact id: 'c48b1d6c4e001437537dbcc9a976c6dd') in 0.190882 seconds
  Import took 0.204156 seconds .

========================================================================
Received Import Request.
  Time since last request: 2.316115 seconds.
  path: Assets/Resources/Prefabs/Bullets/bullet_enemy.prefab
  artifactKey: Guid(a6b306f53e24a144398814eb5ec2eded) Importer(815301076,1909f56bfc062723c751e8b465ee728b)
Start importing Assets/Resources/Prefabs/Bullets/bullet_enemy.prefab using Guid(a6b306f53e24a144398814eb5ec2eded) Importer(815301076,1909f56bfc062723c751e8b465ee728b)  -> (artifact id: 'c9e112b04b4b608f4aaee6f56bf0971b') in 0.012913 seconds
  Import took 0.017769 seconds .

========================================================================
Received Prepare
Registering precompiled user dll's ...
Registered in 0.001642 seconds.
Begin MonoManager ReloadAssembly
Native extension for WindowsStandalone target not found
Native extension for WebGL target not found
Refreshing native plugins compatible for Editor in 0.57 ms, found 1 plugins.
Preloading 0 native plugins for Editor in 0.00 ms.
Mono: successfully reloaded assembly
- Completed reload, in  0.984 seconds
Platform modules already initialized, skipping
Shader 'Universal Render Pipeline/Particles/Lit': fallback shader 'Universal Render Pipeline/Particles/SimpleLit' not found
Refreshing native plugins compatible for Editor in 0.63 ms, found 1 plugins.
Preloading 0 native plugins for Editor in 0.00 ms.
Unloading 2867 Unused Serialized files (Serialized files now loaded: 0)
System memory in use before: 152.6 MB.
System memory in use after: 152.7 MB.

Unloading 13 unused Assets to reduce memory usage. Loaded Objects now: 3510.
Total: 2.260700 ms (FindLiveObjects: 0.317500 ms CreateObjectMapping: 0.143200 ms MarkObjects: 1.700600 ms  DeleteObjects: 0.098100 ms)

========================================================================
Received Prepare
Registering precompiled user dll's ...
Registered in 0.001586 seconds.
Begin MonoManager ReloadAssembly
Native extension for WindowsStandalone target not found
Native extension for WebGL target not found
Refreshing native plugins compatible for Editor in 0.54 ms, found 1 plugins.
Preloading 0 native plugins for Editor in 0.00 ms.
Mono: successfully reloaded assembly
- Completed reload, in  0.881 seconds
Platform modules already initialized, skipping
Shader 'Universal Render Pipeline/Particles/Lit': fallback shader 'Universal Render Pipeline/Particles/SimpleLit' not found
Refreshing native plugins compatible for Editor in 0.52 ms, found 1 plugins.
Preloading 0 native plugins for Editor in 0.00 ms.
Unloading 2867 Unused Serialized files (Serialized files now loaded: 0)
System memory in use before: 152.6 MB.
System memory in use after: 152.7 MB.

Unloading 13 unused Assets to reduce memory usage. Loaded Objects now: 3514.
Total: 2.210100 ms (FindLiveObjects: 0.267900 ms CreateObjectMapping: 0.127100 ms MarkObjects: 1.714300 ms  DeleteObjects: 0.099600 ms)

========================================================================
Received Import Request.
  Time since last request: 193.820267 seconds.
  path: Assets/Resources/ScriptableObjects/WaveData/asteroid_03.asset
  artifactKey: Guid(577f148e38212a240bf43a9e3d91e59e) Importer(815301076,1909f56bfc062723c751e8b465ee728b)
Start importing Assets/Resources/ScriptableObjects/WaveData/asteroid_03.asset using Guid(577f148e38212a240bf43a9e3d91e59e) Importer(815301076,1909f56bfc062723c751e8b465ee728b)  -> (artifact id: '3037f440439c968c36dd7516b986a3c5') in 0.015321 seconds
  Import took 0.019892 seconds .

========================================================================
Received Import Request.
  Time since last request: 6.978082 seconds.
  path: Assets/Resources/ScriptableObjects/SpawnData/Asteroid_S_mediumSpeed.asset
  artifactKey: Guid(a6ac3fc2aaa6f494ba12ca5f9ccc4501) Importer(815301076,1909f56bfc062723c751e8b465ee728b)
Start importing Assets/Resources/ScriptableObjects/SpawnData/Asteroid_S_mediumSpeed.asset using Guid(a6ac3fc2aaa6f494ba12ca5f9ccc4501) Importer(815301076,1909f56bfc062723c751e8b465ee728b)  -> (artifact id: 'eee4f630ea73818ed45ecce320ff377b') in 0.007085 seconds
  Import took 0.012100 seconds .

========================================================================
Received Prepare
Registering precompiled user dll's ...
Registered in 0.001629 seconds.
Begin MonoManager ReloadAssembly
Native extension for WindowsStandalone target not found
Native extension for WebGL target not found
Refreshing native plugins compatible for Editor in 0.53 ms, found 1 plugins.
Preloading 0 native plugins for Editor in 0.00 ms.
Mono: successfully reloaded assembly
- Completed reload, in  0.891 seconds
Platform modules already initialized, skipping
Shader 'Universal Render Pipeline/Particles/Lit': fallback shader 'Universal Render Pipeline/Particles/SimpleLit' not found
Refreshing native plugins compatible for Editor in 0.56 ms, found 1 plugins.
Preloading 0 native plugins for Editor in 0.00 ms.
Unloading 2867 Unused Serialized files (Serialized files now loaded: 0)
System memory in use before: 152.6 MB.
System memory in use after: 152.7 MB.

Unloading 13 unused Assets to reduce memory usage. Loaded Objects now: 3518.
Total: 2.411700 ms (FindLiveObjects: 0.307900 ms CreateObjectMapping: 0.138700 ms MarkObjects: 1.852000 ms  DeleteObjects: 0.112100 ms)

========================================================================
Received Import Request.
  Time since last request: 1131.916845 seconds.
  path: Assets/Resources/ScriptableObjects/WaveData/asteroid_01.asset
  artifactKey: Guid(977388f8a20bda64192c1ceb82143d74) Importer(815301076,1909f56bfc062723c751e8b465ee728b)
Start importing Assets/Resources/ScriptableObjects/WaveData/asteroid_01.asset using Guid(977388f8a20bda64192c1ceb82143d74) Importer(815301076,1909f56bfc062723c751e8b465ee728b)  -> (artifact id: 'c054dc96af369e5627254df770e08708') in 0.016407 seconds
  Import took 0.021626 seconds .

========================================================================
Received Import Request.
  Time since last request: 123.477687 seconds.
  path: Assets/Resources/ScriptableObjects/WaveData/asteroid_01.asset
  artifactKey: Guid(977388f8a20bda64192c1ceb82143d74) Importer(815301076,1909f56bfc062723c751e8b465ee728b)
Start importing Assets/Resources/ScriptableObjects/WaveData/asteroid_01.asset using Guid(977388f8a20bda64192c1ceb82143d74) Importer(815301076,1909f56bfc062723c751e8b465ee728b)  -> (artifact id: '3c09ff5b5205417eccacf2a5c40444aa') in 0.005637 seconds
  Import took 0.020383 seconds .

========================================================================
Received Prepare
Registering precompiled user dll's ...
Registered in 0.001502 seconds.
Begin MonoManager ReloadAssembly
Native extension for WindowsStandalone target not found
Native extension for WebGL target not found
Refreshing native plugins compatible for Editor in 0.53 ms, found 1 plugins.
Preloading 0 native plugins for Editor in 0.00 ms.
Mono: successfully reloaded assembly
- Completed reload, in  0.867 seconds
Platform modules already initialized, skipping
Shader 'Universal Render Pipeline/Particles/Lit': fallback shader 'Universal Render Pipeline/Particles/SimpleLit' not found
Refreshing native plugins compatible for Editor in 0.52 ms, found 1 plugins.
Preloading 0 native plugins for Editor in 0.00 ms.
Unloading 2867 Unused Serialized files (Serialized files now loaded: 0)
System memory in use before: 152.6 MB.
System memory in use after: 152.7 MB.

Unloading 13 unused Assets to reduce memory usage. Loaded Objects now: 3522.
Total: 2.276400 ms (FindLiveObjects: 0.354400 ms CreateObjectMapping: 0.131900 ms MarkObjects: 1.692100 ms  DeleteObjects: 0.096900 ms)

========================================================================
Received Import Request.
  Time since last request: 165.932471 seconds.
  path: Assets/Resources/ScriptableObjects/WaveData/asteroid_00.asset
  artifactKey: Guid(e626aa1bc88e37345a11903a1f80073f) Importer(815301076,1909f56bfc062723c751e8b465ee728b)
Start importing Assets/Resources/ScriptableObjects/WaveData/asteroid_00.asset using Guid(e626aa1bc88e37345a11903a1f80073f) Importer(815301076,1909f56bfc062723c751e8b465ee728b)  -> (artifact id: '8bf7e894f28bf5f1d1fccb6e1cfaba2a') in 0.020890 seconds
  Import took 0.025944 seconds .

========================================================================
Received Prepare
Registering precompiled user dll's ...
Registered in 0.001557 seconds.
Begin MonoManager ReloadAssembly
Native extension for WindowsStandalone target not found
Native extension for WebGL target not found
Refreshing native plugins compatible for Editor in 0.53 ms, found 1 plugins.
Preloading 0 native plugins for Editor in 0.00 ms.
Mono: successfully reloaded assembly
- Completed reload, in  0.868 seconds
Platform modules already initialized, skipping
Shader 'Universal Render Pipeline/Particles/Lit': fallback shader 'Universal Render Pipeline/Particles/SimpleLit' not found
Refreshing native plugins compatible for Editor in 0.55 ms, found 1 plugins.
Preloading 0 native plugins for Editor in 0.00 ms.
Unloading 2867 Unused Serialized files (Serialized files now loaded: 0)
System memory in use before: 152.7 MB.
System memory in use after: 152.7 MB.

Unloading 13 unused Assets to reduce memory usage. Loaded Objects now: 3526.
Total: 2.177700 ms (FindLiveObjects: 0.265900 ms CreateObjectMapping: 0.126900 ms MarkObjects: 1.685700 ms  DeleteObjects: 0.098600 ms)

========================================================================
Received Import Request.
  Time since last request: 15.719090 seconds.
  path: Assets/Resources/ScriptableObjects/WaveData/asteroid_02.asset
  artifactKey: Guid(e24687fe731e3e04e87a7380c4a6b6f5) Importer(815301076,1909f56bfc062723c751e8b465ee728b)
Start importing Assets/Resources/ScriptableObjects/WaveData/asteroid_02.asset using Guid(e24687fe731e3e04e87a7380c4a6b6f5) Importer(815301076,1909f56bfc062723c751e8b465ee728b)  -> (artifact id: '20d152a7b31883e2014bf7def6f75e60') in 0.022752 seconds
  Import took 0.027499 seconds .

========================================================================
Received Import Request.
  Time since last request: 5.037325 seconds.
  path: Assets/Resources/ScriptableObjects/WaveData/asteroid_03.asset
  artifactKey: Guid(577f148e38212a240bf43a9e3d91e59e) Importer(815301076,1909f56bfc062723c751e8b465ee728b)
Start importing Assets/Resources/ScriptableObjects/WaveData/asteroid_03.asset using Guid(577f148e38212a240bf43a9e3d91e59e) Importer(815301076,1909f56bfc062723c751e8b465ee728b)  -> (artifact id: 'cf5185005cb5f58cee4fb2f1d867a874') in 0.008551 seconds
  Import took 0.014015 seconds .

========================================================================
Received Import Request.
  Time since last request: 0.002252 seconds.
  path: Assets/Resources/ScriptableObjects/WaveData/asteroid_03.asset
  artifactKey: Guid(577f148e38212a240bf43a9e3d91e59e) Importer(815301076,1909f56bfc062723c751e8b465ee728b)
Start importing Assets/Resources/ScriptableObjects/WaveData/asteroid_03.asset using Guid(577f148e38212a240bf43a9e3d91e59e) Importer(815301076,1909f56bfc062723c751e8b465ee728b)  -> (artifact id: 'cf5185005cb5f58cee4fb2f1d867a874') in 0.004875 seconds
  Import took 0.009594 seconds .

========================================================================
Received Import Request.
  Time since last request: 3.133132 seconds.
  path: Assets/Resources/ScriptableObjects/WaveData/asteroid_04.asset
  artifactKey: Guid(f9ec5c4a4bd168a4095cd236bf3da58c) Importer(815301076,1909f56bfc062723c751e8b465ee728b)
Start importing Assets/Resources/ScriptableObjects/WaveData/asteroid_04.asset using Guid(f9ec5c4a4bd168a4095cd236bf3da58c) Importer(815301076,1909f56bfc062723c751e8b465ee728b)  -> (artifact id: '92cb1ef0f06bfa1624b82389fd8e14d2') in 0.004706 seconds
  Import took 0.030405 seconds .

========================================================================
Received Prepare
Registering precompiled user dll's ...
Registered in 0.001985 seconds.
Begin MonoManager ReloadAssembly
Native extension for WindowsStandalone target not found
Native extension for WebGL target not found
Refreshing native plugins compatible for Editor in 0.53 ms, found 1 plugins.
Preloading 0 native plugins for Editor in 0.00 ms.
Mono: successfully reloaded assembly
- Completed reload, in  0.870 seconds
Platform modules already initialized, skipping
Shader 'Universal Render Pipeline/Particles/Lit': fallback shader 'Universal Render Pipeline/Particles/SimpleLit' not found
Refreshing native plugins compatible for Editor in 0.54 ms, found 1 plugins.
Preloading 0 native plugins for Editor in 0.00 ms.
Unloading 2867 Unused Serialized files (Serialized files now loaded: 0)
System memory in use before: 152.7 MB.
System memory in use after: 152.8 MB.

Unloading 13 unused Assets to reduce memory usage. Loaded Objects now: 3530.
Total: 2.218000 ms (FindLiveObjects: 0.274900 ms CreateObjectMapping: 0.130500 ms MarkObjects: 1.712100 ms  DeleteObjects: 0.099600 ms)

========================================================================
Received Prepare
Registering precompiled user dll's ...
Registered in 0.001616 seconds.
Begin MonoManager ReloadAssembly
Native extension for WindowsStandalone target not found
Native extension for WebGL target not found
Refreshing native plugins compatible for Editor in 0.53 ms, found 1 plugins.
Preloading 0 native plugins for Editor in 0.00 ms.
Mono: successfully reloaded assembly
- Completed reload, in  0.876 seconds
Platform modules already initialized, skipping
Shader 'Universal Render Pipeline/Particles/Lit': fallback shader 'Universal Render Pipeline/Particles/SimpleLit' not found
Refreshing native plugins compatible for Editor in 0.52 ms, found 1 plugins.
Preloading 0 native plugins for Editor in 0.00 ms.
Unloading 2867 Unused Serialized files (Serialized files now loaded: 0)
System memory in use before: 152.7 MB.
System memory in use after: 152.8 MB.

Unloading 13 unused Assets to reduce memory usage. Loaded Objects now: 3534.
Total: 2.647000 ms (FindLiveObjects: 0.282600 ms CreateObjectMapping: 0.129900 ms MarkObjects: 2.120300 ms  DeleteObjects: 0.113000 ms)

========================================================================
Received Import Request.
  Time since last request: 385.116881 seconds.
  path: Assets/Resources/Prefabs/Ships/Enemy_Ship_A.prefab
  artifactKey: Guid(50a84f4f4b429734d9a8380520cdedd6) Importer(815301076,1909f56bfc062723c751e8b465ee728b)
Start importing Assets/Resources/Prefabs/Ships/Enemy_Ship_A.prefab using Guid(50a84f4f4b429734d9a8380520cdedd6) Importer(815301076,1909f56bfc062723c751e8b465ee728b)  -> (artifact id: '0d7155e2e93edc3034af2c5603e672a2') in 0.167118 seconds
  Import took 0.172006 seconds .

========================================================================
Received Prepare
Registering precompiled user dll's ...
Registered in 0.001807 seconds.
Begin MonoManager ReloadAssembly
Native extension for WindowsStandalone target not found
Native extension for WebGL target not found
Refreshing native plugins compatible for Editor in 0.62 ms, found 1 plugins.
Preloading 0 native plugins for Editor in 0.00 ms.
Mono: successfully reloaded assembly
- Completed reload, in  0.873 seconds
Platform modules already initialized, skipping
Shader 'Universal Render Pipeline/Particles/Lit': fallback shader 'Universal Render Pipeline/Particles/SimpleLit' not found
Refreshing native plugins compatible for Editor in 0.54 ms, found 1 plugins.
Preloading 0 native plugins for Editor in 0.00 ms.
Unloading 2867 Unused Serialized files (Serialized files now loaded: 0)
System memory in use before: 152.9 MB.
System memory in use after: 152.9 MB.

Unloading 13 unused Assets to reduce memory usage. Loaded Objects now: 3574.
Total: 2.717300 ms (FindLiveObjects: 0.327500 ms CreateObjectMapping: 0.152600 ms MarkObjects: 2.111400 ms  DeleteObjects: 0.123700 ms)

========================================================================
Received Import Request.
  Time since last request: 16.358534 seconds.
  path: Assets/Resources/ScriptableObjects/WaveData/asteroid_00.asset
  artifactKey: Guid(e626aa1bc88e37345a11903a1f80073f) Importer(815301076,1909f56bfc062723c751e8b465ee728b)
Start importing Assets/Resources/ScriptableObjects/WaveData/asteroid_00.asset using Guid(e626aa1bc88e37345a11903a1f80073f) Importer(815301076,1909f56bfc062723c751e8b465ee728b)  -> (artifact id: 'db6d68b5c30f629845698328d3c2b232') in 0.016502 seconds
  Import took 0.021299 seconds .

========================================================================
Received Import Request.
  Time since last request: 0.006871 seconds.
  path: Assets/Resources/ScriptableObjects/WaveData/asteroid_00.asset
  artifactKey: Guid(e626aa1bc88e37345a11903a1f80073f) Importer(815301076,1909f56bfc062723c751e8b465ee728b)
Start importing Assets/Resources/ScriptableObjects/WaveData/asteroid_00.asset using Guid(e626aa1bc88e37345a11903a1f80073f) Importer(815301076,1909f56bfc062723c751e8b465ee728b)  -> (artifact id: 'db6d68b5c30f629845698328d3c2b232') in 0.005128 seconds
  Import took 0.009661 seconds .

========================================================================
Received Import Request.
  Time since last request: 71.324129 seconds.
  path: Assets/Resources/ScriptableObjects/SpawnData/Asteroid_S_fastSpeed.asset
  artifactKey: Guid(c245a5be171b4194cb713e86e48d6cf2) Importer(815301076,1909f56bfc062723c751e8b465ee728b)
Start importing Assets/Resources/ScriptableObjects/SpawnData/Asteroid_S_fastSpeed.asset using Guid(c245a5be171b4194cb713e86e48d6cf2) Importer(815301076,1909f56bfc062723c751e8b465ee728b)  -> (artifact id: '24e428984b8bce5bb68a12aca9137670') in 0.007658 seconds
  Import took 0.012565 seconds .

========================================================================
Received Import Request.
  Time since last request: 0.001120 seconds.
  path: Assets/Resources/ScriptableObjects/SpawnData/Asteroid_S_fastSpeed.asset
  artifactKey: Guid(c245a5be171b4194cb713e86e48d6cf2) Importer(815301076,1909f56bfc062723c751e8b465ee728b)
Start importing Assets/Resources/ScriptableObjects/SpawnData/Asteroid_S_fastSpeed.asset using Guid(c245a5be171b4194cb713e86e48d6cf2) Importer(815301076,1909f56bfc062723c751e8b465ee728b)  -> (artifact id: '24e428984b8bce5bb68a12aca9137670') in 0.003523 seconds
  Import took 0.008169 seconds .

========================================================================
Received Import Request.
  Time since last request: 13.494138 seconds.
  path: Assets/Resources/ScriptableObjects/SpawnData/SpawnShip.asset
  artifactKey: Guid(5a0558c4c9ffcad4ca81bbec7efa0177) Importer(815301076,1909f56bfc062723c751e8b465ee728b)
Start importing Assets/Resources/ScriptableObjects/SpawnData/SpawnShip.asset using Guid(5a0558c4c9ffcad4ca81bbec7efa0177) Importer(815301076,1909f56bfc062723c751e8b465ee728b)  -> (artifact id: 'c3ebfdcb561ce59ae4fcb58889d71645') in 0.006488 seconds
  Import took 0.020115 seconds .

========================================================================
Received Import Request.
  Time since last request: 7.629565 seconds.
  path: Assets/Resources/ScriptableObjects/SpawnData/SpawnShip.asset
  artifactKey: Guid(5a0558c4c9ffcad4ca81bbec7efa0177) Importer(815301076,1909f56bfc062723c751e8b465ee728b)
Start importing Assets/Resources/ScriptableObjects/SpawnData/SpawnShip.asset using Guid(5a0558c4c9ffcad4ca81bbec7efa0177) Importer(815301076,1909f56bfc062723c751e8b465ee728b)  -> (artifact id: '190ceb7d8992175f453aea4dc1db4e7e') in 0.006827 seconds
  Import took 0.012154 seconds .

========================================================================
Received Import Request.
  Time since last request: 16.052104 seconds.
  path: Assets/Resources/ScriptableObjects/WaveData/asteroid_00.asset
  artifactKey: Guid(e626aa1bc88e37345a11903a1f80073f) Importer(815301076,1909f56bfc062723c751e8b465ee728b)
Start importing Assets/Resources/ScriptableObjects/WaveData/asteroid_00.asset using Guid(e626aa1bc88e37345a11903a1f80073f) Importer(815301076,1909f56bfc062723c751e8b465ee728b)  -> (artifact id: '3b14e5bdd64c80bce0d6db47194c0c65') in 0.005583 seconds
  Import took 0.022007 seconds .

========================================================================
Received Import Request.
  Time since last request: 12.284013 seconds.
  path: Assets/Resources/ScriptableObjects/WaveData/enemy_01.asset
  artifactKey: Guid(705ce497225c6a2449a4fecf2a323579) Importer(815301076,1909f56bfc062723c751e8b465ee728b)
Start importing Assets/Resources/ScriptableObjects/WaveData/enemy_01.asset using Guid(705ce497225c6a2449a4fecf2a323579) Importer(815301076,1909f56bfc062723c751e8b465ee728b)  -> (artifact id: '4dd6d399a15075546c0595eb7ce46ba0') in 0.006396 seconds
  Import took 0.028389 seconds .

========================================================================
Received Import Request.
  Time since last request: 22.174440 seconds.
  path: Assets/Resources/ScriptableObjects/SpawnData/EnemyShip_A.asset
  artifactKey: Guid(5a0558c4c9ffcad4ca81bbec7efa0177) Importer(815301076,1909f56bfc062723c751e8b465ee728b)
Start importing Assets/Resources/ScriptableObjects/SpawnData/EnemyShip_A.asset using Guid(5a0558c4c9ffcad4ca81bbec7efa0177) Importer(815301076,1909f56bfc062723c751e8b465ee728b)  -> (artifact id: 'e8a44d6ee6c5250e8404898c814ae862') in 0.008545 seconds
  Import took 0.014166 seconds .

========================================================================
Received Import Request.
  Time since last request: 7.653725 seconds.
  path: Assets/Resources/ScriptableObjects/WaveData/asteroid_01.asset
  artifactKey: Guid(977388f8a20bda64192c1ceb82143d74) Importer(815301076,1909f56bfc062723c751e8b465ee728b)
Start importing Assets/Resources/ScriptableObjects/WaveData/asteroid_01.asset using Guid(977388f8a20bda64192c1ceb82143d74) Importer(815301076,1909f56bfc062723c751e8b465ee728b)  -> (artifact id: 'b7724901bb08c6a7f6a53d6fd38c0aeb') in 0.006487 seconds
  Import took 0.038254 seconds .

========================================================================
Received Import Request.
  Time since last request: 36.404702 seconds.
  path: Assets/Resources/ScriptableObjects/WaveData/asteroid_04.asset
  artifactKey: Guid(f9ec5c4a4bd168a4095cd236bf3da58c) Importer(815301076,1909f56bfc062723c751e8b465ee728b)
Start importing Assets/Resources/ScriptableObjects/WaveData/asteroid_04.asset using Guid(f9ec5c4a4bd168a4095cd236bf3da58c) Importer(815301076,1909f56bfc062723c751e8b465ee728b)  -> (artifact id: '52daf598fa813cc00f1c5e9d965efa17') in 0.007142 seconds
  Import took 0.015880 seconds .

========================================================================
Received Import Request.
  Time since last request: 3.096960 seconds.
  path: Assets/Resources/ScriptableObjects/WaveData/enemy_01.asset
  artifactKey: Guid(705ce497225c6a2449a4fecf2a323579) Importer(815301076,1909f56bfc062723c751e8b465ee728b)
Start importing Assets/Resources/ScriptableObjects/WaveData/enemy_01.asset using Guid(705ce497225c6a2449a4fecf2a323579) Importer(815301076,1909f56bfc062723c751e8b465ee728b)  -> (artifact id: '9d070ec86f3c9fb542d33c954928d4e7') in 0.007836 seconds
  Import took 0.015129 seconds .

========================================================================
Received Import Request.
  Time since last request: 7.241496 seconds.
  path: Assets/Resources/ScriptableObjects/WaveData/enemy_01.asset
  artifactKey: Guid(705ce497225c6a2449a4fecf2a323579) Importer(815301076,1909f56bfc062723c751e8b465ee728b)
Start importing Assets/Resources/ScriptableObjects/WaveData/enemy_01.asset using Guid(705ce497225c6a2449a4fecf2a323579) Importer(815301076,1909f56bfc062723c751e8b465ee728b)  -> (artifact id: 'dd8812e8f1c7bb1c7f35e03c103536a6') in 0.004440 seconds
  Import took 0.009480 seconds .

========================================================================
Received Prepare
Registering precompiled user dll's ...
Registered in 0.001622 seconds.
Begin MonoManager ReloadAssembly
Native extension for WindowsStandalone target not found
Native extension for WebGL target not found
Refreshing native plugins compatible for Editor in 0.58 ms, found 1 plugins.
Preloading 0 native plugins for Editor in 0.00 ms.
Mono: successfully reloaded assembly
- Completed reload, in  0.892 seconds
Platform modules already initialized, skipping
Shader 'Universal Render Pipeline/Particles/Lit': fallback shader 'Universal Render Pipeline/Particles/SimpleLit' not found
Refreshing native plugins compatible for Editor in 0.53 ms, found 1 plugins.
Preloading 0 native plugins for Editor in 0.00 ms.
Unloading 2867 Unused Serialized files (Serialized files now loaded: 0)
System memory in use before: 152.9 MB.
System memory in use after: 153.0 MB.

Unloading 13 unused Assets to reduce memory usage. Loaded Objects now: 3578.
Total: 2.438100 ms (FindLiveObjects: 0.377800 ms CreateObjectMapping: 0.124100 ms MarkObjects: 1.832300 ms  DeleteObjects: 0.103000 ms)

========================================================================
Received Prepare
Registering precompiled user dll's ...
Registered in 0.001638 seconds.
Begin MonoManager ReloadAssembly
Native extension for WindowsStandalone target not found
Native extension for WebGL target not found
Refreshing native plugins compatible for Editor in 0.54 ms, found 1 plugins.
Preloading 0 native plugins for Editor in 0.00 ms.
Mono: successfully reloaded assembly
- Completed reload, in  0.935 seconds
Platform modules already initialized, skipping
Shader 'Universal Render Pipeline/Particles/Lit': fallback shader 'Universal Render Pipeline/Particles/SimpleLit' not found
Refreshing native plugins compatible for Editor in 0.52 ms, found 1 plugins.
Preloading 0 native plugins for Editor in 0.00 ms.
Unloading 2867 Unused Serialized files (Serialized files now loaded: 0)
System memory in use before: 153.0 MB.
System memory in use after: 153.1 MB.

Unloading 13 unused Assets to reduce memory usage. Loaded Objects now: 3582.
Total: 2.418000 ms (FindLiveObjects: 0.293900 ms CreateObjectMapping: 0.135000 ms MarkObjects: 1.878000 ms  DeleteObjects: 0.110300 ms)

========================================================================
Received Prepare
Registering precompiled user dll's ...
Registered in 0.001581 seconds.
Begin MonoManager ReloadAssembly
Native extension for WindowsStandalone target not found
Native extension for WebGL target not found
Refreshing native plugins compatible for Editor in 0.53 ms, found 1 plugins.
Preloading 0 native plugins for Editor in 0.00 ms.
Mono: successfully reloaded assembly
- Completed reload, in  0.874 seconds
Platform modules already initialized, skipping
Shader 'Universal Render Pipeline/Particles/Lit': fallback shader 'Universal Render Pipeline/Particles/SimpleLit' not found
Refreshing native plugins compatible for Editor in 0.52 ms, found 1 plugins.
Preloading 0 native plugins for Editor in 0.00 ms.
Unloading 2867 Unused Serialized files (Serialized files now loaded: 0)
System memory in use before: 153.0 MB.
System memory in use after: 153.1 MB.

Unloading 13 unused Assets to reduce memory usage. Loaded Objects now: 3586.
Total: 2.436500 ms (FindLiveObjects: 0.303200 ms CreateObjectMapping: 0.144800 ms MarkObjects: 1.879900 ms  DeleteObjects: 0.107500 ms)

========================================================================
Received Prepare
Registering precompiled user dll's ...
Registered in 0.001550 seconds.
Begin MonoManager ReloadAssembly
Native extension for WindowsStandalone target not found
Native extension for WebGL target not found
Refreshing native plugins compatible for Editor in 0.53 ms, found 1 plugins.
Preloading 0 native plugins for Editor in 0.00 ms.
Mono: successfully reloaded assembly
- Completed reload, in  0.875 seconds
Platform modules already initialized, skipping
Shader 'Universal Render Pipeline/Particles/Lit': fallback shader 'Universal Render Pipeline/Particles/SimpleLit' not found
Refreshing native plugins compatible for Editor in 0.52 ms, found 1 plugins.
Preloading 0 native plugins for Editor in 0.00 ms.
Unloading 2867 Unused Serialized files (Serialized files now loaded: 0)
System memory in use before: 153.0 MB.
System memory in use after: 153.1 MB.

Unloading 13 unused Assets to reduce memory usage. Loaded Objects now: 3590.
Total: 2.801300 ms (FindLiveObjects: 0.350700 ms CreateObjectMapping: 0.178000 ms MarkObjects: 2.149200 ms  DeleteObjects: 0.122000 ms)

========================================================================
Received Prepare
Registering precompiled user dll's ...
Registered in 0.001731 seconds.
Begin MonoManager ReloadAssembly
Native extension for WindowsStandalone target not found
Native extension for WebGL target not found
Refreshing native plugins compatible for Editor in 0.52 ms, found 1 plugins.
Preloading 0 native plugins for Editor in 0.00 ms.
Mono: successfully reloaded assembly
- Completed reload, in  0.870 seconds
Platform modules already initialized, skipping
Shader 'Universal Render Pipeline/Particles/Lit': fallback shader 'Universal Render Pipeline/Particles/SimpleLit' not found
Refreshing native plugins compatible for Editor in 0.52 ms, found 1 plugins.
Preloading 0 native plugins for Editor in 0.00 ms.
Unloading 2867 Unused Serialized files (Serialized files now loaded: 0)
System memory in use before: 153.0 MB.
System memory in use after: 153.1 MB.

Unloading 13 unused Assets to reduce memory usage. Loaded Objects now: 3594.
Total: 2.203600 ms (FindLiveObjects: 0.257700 ms CreateObjectMapping: 0.120600 ms MarkObjects: 1.726800 ms  DeleteObjects: 0.097700 ms)

========================================================================
Received Prepare
Registering precompiled user dll's ...
Registered in 0.001531 seconds.
Begin MonoManager ReloadAssembly
Native extension for WindowsStandalone target not found
Native extension for WebGL target not found
Refreshing native plugins compatible for Editor in 0.55 ms, found 1 plugins.
Preloading 0 native plugins for Editor in 0.00 ms.
Mono: successfully reloaded assembly
- Completed reload, in  0.880 seconds
Platform modules already initialized, skipping
Shader 'Universal Render Pipeline/Particles/Lit': fallback shader 'Universal Render Pipeline/Particles/SimpleLit' not found
Refreshing native plugins compatible for Editor in 0.52 ms, found 1 plugins.
Preloading 0 native plugins for Editor in 0.00 ms.
Unloading 2867 Unused Serialized files (Serialized files now loaded: 0)
System memory in use before: 153.0 MB.
System memory in use after: 153.1 MB.

Unloading 13 unused Assets to reduce memory usage. Loaded Objects now: 3598.
Total: 2.260300 ms (FindLiveObjects: 0.273100 ms CreateObjectMapping: 0.127200 ms MarkObjects: 1.755500 ms  DeleteObjects: 0.103500 ms)

========================================================================
Received Prepare
Registering precompiled user dll's ...
Registered in 0.001615 seconds.
Begin MonoManager ReloadAssembly
Native extension for WindowsStandalone target not found
Native extension for WebGL target not found
Refreshing native plugins compatible for Editor in 0.52 ms, found 1 plugins.
Preloading 0 native plugins for Editor in 0.00 ms.
Mono: successfully reloaded assembly
- Completed reload, in  0.902 seconds
Platform modules already initialized, skipping
Shader 'Universal Render Pipeline/Particles/Lit': fallback shader 'Universal Render Pipeline/Particles/SimpleLit' not found
Refreshing native plugins compatible for Editor in 0.64 ms, found 1 plugins.
Preloading 0 native plugins for Editor in 0.00 ms.
Unloading 2867 Unused Serialized files (Serialized files now loaded: 0)
System memory in use before: 153.0 MB.
System memory in use after: 153.1 MB.

Unloading 13 unused Assets to reduce memory usage. Loaded Objects now: 3602.
Total: 2.227000 ms (FindLiveObjects: 0.269400 ms CreateObjectMapping: 0.125800 ms MarkObjects: 1.718400 ms  DeleteObjects: 0.112400 ms)

========================================================================
Received Prepare
Registering precompiled user dll's ...
Registered in 0.001576 seconds.
Begin MonoManager ReloadAssembly
Native extension for WindowsStandalone target not found
Native extension for WebGL target not found
Refreshing native plugins compatible for Editor in 0.53 ms, found 1 plugins.
Preloading 0 native plugins for Editor in 0.00 ms.
Mono: successfully reloaded assembly
- Completed reload, in  0.868 seconds
Platform modules already initialized, skipping
Shader 'Universal Render Pipeline/Particles/Lit': fallback shader 'Universal Render Pipeline/Particles/SimpleLit' not found
Refreshing native plugins compatible for Editor in 0.52 ms, found 1 plugins.
Preloading 0 native plugins for Editor in 0.00 ms.
Unloading 2867 Unused Serialized files (Serialized files now loaded: 0)
System memory in use before: 153.0 MB.
System memory in use after: 153.1 MB.

Unloading 13 unused Assets to reduce memory usage. Loaded Objects now: 3606.
Total: 2.391400 ms (FindLiveObjects: 0.315700 ms CreateObjectMapping: 0.125200 ms MarkObjects: 1.845100 ms  DeleteObjects: 0.104600 ms)

========================================================================
Received Prepare
Registering precompiled user dll's ...
Registered in 0.001602 seconds.
Begin MonoManager ReloadAssembly
Native extension for WindowsStandalone target not found
Native extension for WebGL target not found
Refreshing native plugins compatible for Editor in 0.51 ms, found 1 plugins.
Preloading 0 native plugins for Editor in 0.00 ms.
Mono: successfully reloaded assembly
- Completed reload, in  0.869 seconds
Platform modules already initialized, skipping
Shader 'Universal Render Pipeline/Particles/Lit': fallback shader 'Universal Render Pipeline/Particles/SimpleLit' not found
Refreshing native plugins compatible for Editor in 0.52 ms, found 1 plugins.
Preloading 0 native plugins for Editor in 0.00 ms.
Unloading 2867 Unused Serialized files (Serialized files now loaded: 0)
System memory in use before: 153.0 MB.
System memory in use after: 153.1 MB.

Unloading 13 unused Assets to reduce memory usage. Loaded Objects now: 3610.
Total: 2.279100 ms (FindLiveObjects: 0.269300 ms CreateObjectMapping: 0.121500 ms MarkObjects: 1.782200 ms  DeleteObjects: 0.105000 ms)

========================================================================
Received Prepare
Registering precompiled user dll's ...
Registered in 0.001535 seconds.
Begin MonoManager ReloadAssembly
Native extension for WindowsStandalone target not found
Native extension for WebGL target not found
Refreshing native plugins compatible for Editor in 0.53 ms, found 1 plugins.
Preloading 0 native plugins for Editor in 0.00 ms.
Mono: successfully reloaded assembly
- Completed reload, in  0.884 seconds
Platform modules already initialized, skipping
Shader 'Universal Render Pipeline/Particles/Lit': fallback shader 'Universal Render Pipeline/Particles/SimpleLit' not found
Refreshing native plugins compatible for Editor in 0.57 ms, found 1 plugins.
Preloading 0 native plugins for Editor in 0.00 ms.
Unloading 2867 Unused Serialized files (Serialized files now loaded: 0)
System memory in use before: 153.0 MB.
System memory in use after: 153.1 MB.

Unloading 13 unused Assets to reduce memory usage. Loaded Objects now: 3614.
Total: 2.316600 ms (FindLiveObjects: 0.288300 ms CreateObjectMapping: 0.127500 ms MarkObjects: 1.798200 ms  DeleteObjects: 0.101800 ms)

========================================================================
Received Prepare
Registering precompiled user dll's ...
Registered in 0.001546 seconds.
Begin MonoManager ReloadAssembly
Native extension for WindowsStandalone target not found
Native extension for WebGL target not found
Refreshing native plugins compatible for Editor in 0.52 ms, found 1 plugins.
Preloading 0 native plugins for Editor in 0.00 ms.
Mono: successfully reloaded assembly
- Completed reload, in  0.872 seconds
Platform modules already initialized, skipping
Shader 'Universal Render Pipeline/Particles/Lit': fallback shader 'Universal Render Pipeline/Particles/SimpleLit' not found
Refreshing native plugins compatible for Editor in 0.54 ms, found 1 plugins.
Preloading 0 native plugins for Editor in 0.00 ms.
Unloading 2867 Unused Serialized files (Serialized files now loaded: 0)
System memory in use before: 153.0 MB.
System memory in use after: 153.1 MB.

Unloading 13 unused Assets to reduce memory usage. Loaded Objects now: 3618.
Total: 2.755100 ms (FindLiveObjects: 0.322600 ms CreateObjectMapping: 0.156600 ms MarkObjects: 2.164500 ms  DeleteObjects: 0.110400 ms)

========================================================================
Received Prepare
Registering precompiled user dll's ...
Registered in 0.001628 seconds.
Begin MonoManager ReloadAssembly
Native extension for WindowsStandalone target not found
Native extension for WebGL target not found
Refreshing native plugins compatible for Editor in 0.52 ms, found 1 plugins.
Preloading 0 native plugins for Editor in 0.00 ms.
Mono: successfully reloaded assembly
- Completed reload, in  0.867 seconds
Platform modules already initialized, skipping
Shader 'Universal Render Pipeline/Particles/Lit': fallback shader 'Universal Render Pipeline/Particles/SimpleLit' not found
Refreshing native plugins compatible for Editor in 0.53 ms, found 1 plugins.
Preloading 0 native plugins for Editor in 0.00 ms.
Unloading 2867 Unused Serialized files (Serialized files now loaded: 0)
System memory in use before: 153.1 MB.
System memory in use after: 153.1 MB.

Unloading 13 unused Assets to reduce memory usage. Loaded Objects now: 3622.
Total: 2.824300 ms (FindLiveObjects: 0.405500 ms CreateObjectMapping: 0.185200 ms MarkObjects: 2.120400 ms  DeleteObjects: 0.112500 ms)

========================================================================
Received Prepare
Registering precompiled user dll's ...
Registered in 0.001638 seconds.
Begin MonoManager ReloadAssembly
Native extension for WindowsStandalone target not found
Native extension for WebGL target not found
Refreshing native plugins compatible for Editor in 0.53 ms, found 1 plugins.
Preloading 0 native plugins for Editor in 0.00 ms.
Mono: successfully reloaded assembly
- Completed reload, in  0.874 seconds
Platform modules already initialized, skipping
Shader 'Universal Render Pipeline/Particles/Lit': fallback shader 'Universal Render Pipeline/Particles/SimpleLit' not found
Refreshing native plugins compatible for Editor in 0.57 ms, found 1 plugins.
Preloading 0 native plugins for Editor in 0.00 ms.
Unloading 2867 Unused Serialized files (Serialized files now loaded: 0)
System memory in use before: 153.1 MB.
System memory in use after: 153.2 MB.

Unloading 13 unused Assets to reduce memory usage. Loaded Objects now: 3626.
Total: 2.281100 ms (FindLiveObjects: 0.301900 ms CreateObjectMapping: 0.130100 ms MarkObjects: 1.740600 ms  DeleteObjects: 0.107700 ms)

========================================================================
Received Prepare
Registering precompiled user dll's ...
Registered in 0.001626 seconds.
Begin MonoManager ReloadAssembly
Native extension for WindowsStandalone target not found
Native extension for WebGL target not found
Refreshing native plugins compatible for Editor in 0.55 ms, found 1 plugins.
Preloading 0 native plugins for Editor in 0.00 ms.
Mono: successfully reloaded assembly
- Completed reload, in  0.894 seconds
Platform modules already initialized, skipping
Shader 'Universal Render Pipeline/Particles/Lit': fallback shader 'Universal Render Pipeline/Particles/SimpleLit' not found
Refreshing native plugins compatible for Editor in 0.53 ms, found 1 plugins.
Preloading 0 native plugins for Editor in 0.00 ms.
Unloading 2867 Unused Serialized files (Serialized files now loaded: 0)
System memory in use before: 153.1 MB.
System memory in use after: 153.2 MB.

Unloading 13 unused Assets to reduce memory usage. Loaded Objects now: 3630.
Total: 2.450100 ms (FindLiveObjects: 0.310400 ms CreateObjectMapping: 0.146700 ms MarkObjects: 1.883100 ms  DeleteObjects: 0.108900 ms)

========================================================================
Received Prepare
Registering precompiled user dll's ...
Registered in 0.001592 seconds.
Begin MonoManager ReloadAssembly
Native extension for WindowsStandalone target not found
Native extension for WebGL target not found
Refreshing native plugins compatible for Editor in 0.53 ms, found 1 plugins.
Preloading 0 native plugins for Editor in 0.00 ms.
Mono: successfully reloaded assembly
- Completed reload, in  0.867 seconds
Platform modules already initialized, skipping
Shader 'Universal Render Pipeline/Particles/Lit': fallback shader 'Universal Render Pipeline/Particles/SimpleLit' not found
Refreshing native plugins compatible for Editor in 0.52 ms, found 1 plugins.
Preloading 0 native plugins for Editor in 0.00 ms.
Unloading 2867 Unused Serialized files (Serialized files now loaded: 0)
System memory in use before: 153.1 MB.
System memory in use after: 153.2 MB.

Unloading 13 unused Assets to reduce memory usage. Loaded Objects now: 3634.
Total: 2.249600 ms (FindLiveObjects: 0.260900 ms CreateObjectMapping: 0.122800 ms MarkObjects: 1.768000 ms  DeleteObjects: 0.097300 ms)

========================================================================
Received Prepare
Registering precompiled user dll's ...
Registered in 0.001565 seconds.
Begin MonoManager ReloadAssembly
Native extension for WindowsStandalone target not found
Native extension for WebGL target not found
Refreshing native plugins compatible for Editor in 0.52 ms, found 1 plugins.
Preloading 0 native plugins for Editor in 0.00 ms.
Mono: successfully reloaded assembly
- Completed reload, in  0.892 seconds
Platform modules already initialized, skipping
Shader 'Universal Render Pipeline/Particles/Lit': fallback shader 'Universal Render Pipeline/Particles/SimpleLit' not found
Refreshing native plugins compatible for Editor in 0.52 ms, found 1 plugins.
Preloading 0 native plugins for Editor in 0.00 ms.
Unloading 2867 Unused Serialized files (Serialized files now loaded: 0)
System memory in use before: 153.1 MB.
System memory in use after: 153.2 MB.

Unloading 13 unused Assets to reduce memory usage. Loaded Objects now: 3638.
Total: 2.470800 ms (FindLiveObjects: 0.301700 ms CreateObjectMapping: 0.140900 ms MarkObjects: 1.919500 ms  DeleteObjects: 0.107900 ms)

AssetImportWorkerClient::OnTransportError - code=2 error=End of file
