Using pre-set license
Built from '2020.3/staging' branch; Version is '2020.3.4f1 (0abb6314276a) revision 703331'; Using compiler version '192528614'; Build Type 'Release'
OS: 'Windows 10 Home; OS build 19043.1165; Version 2009; 64bit' Language: 'en' Physical Memory: 16299 MB
BatchMode: 1, IsHumanControllingUs: 0, StartBugReporterOnCrash: 0, Is64bit: 1, IsPro: 0

 COMMAND LINE ARGUMENTS:
C:\Program Files\Unity\2020.3.4f1\Editor\Unity.exe
-adb2
-batchMode
-noUpm
-name
AssetImportWorker0
-projectPath
F:/Documents/UnityProjects/KennyJam2021
-logFile
Logs/AssetImportWorker0.log
-srvPort
55358
Successfully changed project path to: F:/Documents/UnityProjects/KennyJam2021
F:/Documents/UnityProjects/KennyJam2021
Using Asset Import Pipeline V2.
Refreshing native plugins compatible for Editor in 48.57 ms, found 1 plugins.
Preloading 0 native plugins for Editor in 0.00 ms.
Initialize engine version: 2020.3.4f1 (0abb6314276a)
[Subsystems] Discovering subsystems at path C:/Program Files/Unity/2020.3.4f1/Editor/Data/Resources/UnitySubsystems
[Subsystems] Discovering subsystems at path F:/Documents/UnityProjects/KennyJam2021/Assets
GfxDevice: creating device client; threaded=0
Direct3D:
    Version:  Direct3D 11.0 [level 11.1]
    Renderer: NVIDIA GeForce GTX 960 (ID=0x1401)
    Vendor:   
    VRAM:     4053 MB
    Driver:   27.21.14.6663
Shader 'Universal Render Pipeline/Particles/Lit': fallback shader 'Universal Render Pipeline/Particles/SimpleLit' not found
Initialize mono
Mono path[0] = 'C:/Program Files/Unity/2020.3.4f1/Editor/Data/Managed'
Mono path[1] = 'C:/Program Files/Unity/2020.3.4f1/Editor/Data/MonoBleedingEdge/lib/mono/unityjit'
Mono config path = 'C:/Program Files/Unity/2020.3.4f1/Editor/Data/MonoBleedingEdge/etc'
Using monoOptions --debugger-agent=transport=dt_socket,embedding=1,server=y,suspend=n,address=127.0.0.1:56040
Begin MonoManager ReloadAssembly
Registering precompiled unity dll's ...
Register platform support module: C:/Program Files/Unity/2020.3.4f1/Editor/Data/PlaybackEngines/WebGLSupport/UnityEditor.WebGL.Extensions.dll
Register platform support module: C:/Program Files/Unity/2020.3.4f1/Editor/Data/PlaybackEngines/WindowsStandaloneSupport/UnityEditor.WindowsStandalone.Extensions.dll
Registered in 0.002272 seconds.
Native extension for WindowsStandalone target not found
Native extension for WebGL target not found
Refreshing native plugins compatible for Editor in 47.97 ms, found 1 plugins.
Preloading 0 native plugins for Editor in 0.00 ms.
Mono: successfully reloaded assembly
- Completed reload, in  2.231 seconds
Platform modules already initialized, skipping
Registering precompiled user dll's ...
Registered in 0.001454 seconds.
Begin MonoManager ReloadAssembly
Native extension for WindowsStandalone target not found
Native extension for WebGL target not found
Refreshing native plugins compatible for Editor in 48.59 ms, found 1 plugins.
Preloading 0 native plugins for Editor in 0.00 ms.
Mono: successfully reloaded assembly
- Completed reload, in  0.938 seconds
Platform modules already initialized, skipping
========================================================================
Worker process is ready to serve import requests
Shader 'Universal Render Pipeline/Particles/Lit': fallback shader 'Universal Render Pipeline/Particles/SimpleLit' not found
Launched and connected shader compiler UnityShaderCompiler.exe after 0.04 seconds
Refreshing native plugins compatible for Editor in 0.45 ms, found 1 plugins.
Preloading 0 native plugins for Editor in 0.00 ms.
Unloading 2954 Unused Serialized files (Serialized files now loaded: 0)
System memory in use before: 144.1 MB.
System memory in use after: 144.1 MB.

Unloading 25 unused Assets to reduce memory usage. Loaded Objects now: 3410.
Total: 2.041700 ms (FindLiveObjects: 0.237100 ms CreateObjectMapping: 0.118300 ms MarkObjects: 1.567800 ms  DeleteObjects: 0.117800 ms)

========================================================================
Received Import Request.
  path: Assets/Skymap_graph.shadergraph
  artifactKey: Guid(cc2eb68b122eab24ebfd25edb02e73f9) Importer(815301076,1909f56bfc062723c751e8b465ee728b)
Start importing Assets/Skymap_graph.shadergraph using Guid(cc2eb68b122eab24ebfd25edb02e73f9) Importer(815301076,1909f56bfc062723c751e8b465ee728b)  -> (artifact id: 'd9e67ae5a82ebc01c8c9239eccf9dd5b') in 0.039642 seconds
  Import took 0.043435 seconds .

========================================================================
Received Import Request.
  Time since last request: 84.186997 seconds.
  path: Assets/Scripts/Background
  artifactKey: Guid(1eb8a52a1017acb44b52c0bde7117e54) Importer(815301076,1909f56bfc062723c751e8b465ee728b)
Start importing Assets/Scripts/Background using Guid(1eb8a52a1017acb44b52c0bde7117e54) Importer(815301076,1909f56bfc062723c751e8b465ee728b)  -> (artifact id: '4d4c26b2bcd9870f30ad6994230dce75') in 0.005365 seconds
  Import took 0.009482 seconds .

========================================================================
Received Import Request.
  Time since last request: 10.059195 seconds.
  path: Assets/Scripts/Background/StarfieldGenerator.cs
  artifactKey: Guid(89c64d95dd797874899bfcc2219844c3) Importer(815301076,1909f56bfc062723c751e8b465ee728b)
Start importing Assets/Scripts/Background/StarfieldGenerator.cs using Guid(89c64d95dd797874899bfcc2219844c3) Importer(815301076,1909f56bfc062723c751e8b465ee728b)  -> (artifact id: '356f1412fe84a974c1890a753f7ceb40') in 0.013156 seconds
  Import took 0.018528 seconds .

========================================================================
Received Prepare
Registering precompiled user dll's ...
Registered in 0.001513 seconds.
Begin MonoManager ReloadAssembly
Native extension for WindowsStandalone target not found
Native extension for WebGL target not found
Refreshing native plugins compatible for Editor in 0.45 ms, found 1 plugins.
Preloading 0 native plugins for Editor in 0.00 ms.
Mono: successfully reloaded assembly
- Completed reload, in  0.841 seconds
Platform modules already initialized, skipping
Shader 'Universal Render Pipeline/Particles/Lit': fallback shader 'Universal Render Pipeline/Particles/SimpleLit' not found
Refreshing native plugins compatible for Editor in 0.46 ms, found 1 plugins.
Preloading 0 native plugins for Editor in 0.00 ms.
Unloading 2846 Unused Serialized files (Serialized files now loaded: 0)
System memory in use before: 137.1 MB.
System memory in use after: 137.2 MB.

Unloading 13 unused Assets to reduce memory usage. Loaded Objects now: 3415.
Total: 2.391500 ms (FindLiveObjects: 0.281200 ms CreateObjectMapping: 0.130900 ms MarkObjects: 1.869600 ms  DeleteObjects: 0.107700 ms)

========================================================================
Received Prepare
Registering precompiled user dll's ...
Registered in 0.001535 seconds.
Begin MonoManager ReloadAssembly
Native extension for WindowsStandalone target not found
Native extension for WebGL target not found
Refreshing native plugins compatible for Editor in 0.46 ms, found 1 plugins.
Preloading 0 native plugins for Editor in 0.00 ms.
Mono: successfully reloaded assembly
- Completed reload, in  0.846 seconds
Platform modules already initialized, skipping
Shader 'Universal Render Pipeline/Particles/Lit': fallback shader 'Universal Render Pipeline/Particles/SimpleLit' not found
Refreshing native plugins compatible for Editor in 0.46 ms, found 1 plugins.
Preloading 0 native plugins for Editor in 0.00 ms.
Unloading 2846 Unused Serialized files (Serialized files now loaded: 0)
System memory in use before: 137.2 MB.
System memory in use after: 137.2 MB.

Unloading 13 unused Assets to reduce memory usage. Loaded Objects now: 3419.
Total: 2.139200 ms (FindLiveObjects: 0.248500 ms CreateObjectMapping: 0.126000 ms MarkObjects: 1.665300 ms  DeleteObjects: 0.098700 ms)

========================================================================
Received Import Request.
  Time since last request: 154.583027 seconds.
  path: Assets/Scripts/Background/StarfieldGenerator.cs
  artifactKey: Guid(89c64d95dd797874899bfcc2219844c3) Importer(815301076,1909f56bfc062723c751e8b465ee728b)
Start importing Assets/Scripts/Background/StarfieldGenerator.cs using Guid(89c64d95dd797874899bfcc2219844c3) Importer(815301076,1909f56bfc062723c751e8b465ee728b)  -> (artifact id: 'ec213e7b65ccd397ba461a2efd27c146') in 0.008983 seconds
  Import took 0.013510 seconds .

