Using pre-set license
Built from '2020.3/staging' branch; Version is '2020.3.4f1 (0abb6314276a) revision 703331'; Using compiler version '192528614'; Build Type 'Release'
OS: 'Windows 10 Home; OS build 19043.1165; Version 2009; 64bit' Language: 'en' Physical Memory: 16299 MB
BatchMode: 1, IsHumanControllingUs: 0, StartBugReporterOnCrash: 0, Is64bit: 1, IsPro: 0

 COMMAND LINE ARGUMENTS:
C:\Program Files\Unity\2020.3.4f1\Editor\Unity.exe
-adb2
-batchMode
-noUpm
-name
AssetImportWorker0
-projectPath
F:/Documents/UnityProjects/KennyJam2021
-logFile
Logs/AssetImportWorker0.log
-srvPort
56464
Successfully changed project path to: F:/Documents/UnityProjects/KennyJam2021
F:/Documents/UnityProjects/KennyJam2021
Using Asset Import Pipeline V2.
Refreshing native plugins compatible for Editor in 57.25 ms, found 1 plugins.
Preloading 0 native plugins for Editor in 0.00 ms.
Initialize engine version: 2020.3.4f1 (0abb6314276a)
[Subsystems] Discovering subsystems at path C:/Program Files/Unity/2020.3.4f1/Editor/Data/Resources/UnitySubsystems
[Subsystems] Discovering subsystems at path F:/Documents/UnityProjects/KennyJam2021/Assets
GfxDevice: creating device client; threaded=0
Direct3D:
    Version:  Direct3D 11.0 [level 11.1]
    Renderer: NVIDIA GeForce GTX 960 (ID=0x1401)
    Vendor:   
    VRAM:     4053 MB
    Driver:   27.21.14.6663
Shader 'Universal Render Pipeline/Particles/Lit': fallback shader 'Universal Render Pipeline/Particles/SimpleLit' not found
Initialize mono
Mono path[0] = 'C:/Program Files/Unity/2020.3.4f1/Editor/Data/Managed'
Mono path[1] = 'C:/Program Files/Unity/2020.3.4f1/Editor/Data/MonoBleedingEdge/lib/mono/unityjit'
Mono config path = 'C:/Program Files/Unity/2020.3.4f1/Editor/Data/MonoBleedingEdge/etc'
Using monoOptions --debugger-agent=transport=dt_socket,embedding=1,server=y,suspend=n,address=127.0.0.1:56536
Begin MonoManager ReloadAssembly
Registering precompiled unity dll's ...
Register platform support module: C:/Program Files/Unity/2020.3.4f1/Editor/Data/PlaybackEngines/WebGLSupport/UnityEditor.WebGL.Extensions.dll
Register platform support module: C:/Program Files/Unity/2020.3.4f1/Editor/Data/PlaybackEngines/WindowsStandaloneSupport/UnityEditor.WindowsStandalone.Extensions.dll
Registered in 0.002330 seconds.
Native extension for WindowsStandalone target not found
Native extension for WebGL target not found
Refreshing native plugins compatible for Editor in 57.16 ms, found 1 plugins.
Preloading 0 native plugins for Editor in 0.00 ms.
Mono: successfully reloaded assembly
- Completed reload, in  2.130 seconds
Platform modules already initialized, skipping
Registering precompiled user dll's ...
Registered in 0.001712 seconds.
Begin MonoManager ReloadAssembly
Native extension for WindowsStandalone target not found
Native extension for WebGL target not found
Refreshing native plugins compatible for Editor in 58.38 ms, found 1 plugins.
Preloading 0 native plugins for Editor in 0.00 ms.
Mono: successfully reloaded assembly
- Completed reload, in  1.002 seconds
Platform modules already initialized, skipping
========================================================================
Worker process is ready to serve import requests
Shader 'Universal Render Pipeline/Particles/Lit': fallback shader 'Universal Render Pipeline/Particles/SimpleLit' not found
Launched and connected shader compiler UnityShaderCompiler.exe after 0.04 seconds
Refreshing native plugins compatible for Editor in 0.53 ms, found 1 plugins.
Preloading 0 native plugins for Editor in 0.00 ms.
Unloading 2991 Unused Serialized files (Serialized files now loaded: 0)
System memory in use before: 155.8 MB.
System memory in use after: 155.9 MB.

Unloading 25 unused Assets to reduce memory usage. Loaded Objects now: 3455.
Total: 2.241100 ms (FindLiveObjects: 0.248500 ms CreateObjectMapping: 0.129800 ms MarkObjects: 1.740500 ms  DeleteObjects: 0.121600 ms)

========================================================================
Received Import Request.
  path: Assets/TextMesh Pro/Resources/Fonts & Materials/LiberationSans SDF - Outline.mat
  artifactKey: Guid(79459efec17a4d00a321bdcc27bbc385) Importer(815301076,1909f56bfc062723c751e8b465ee728b)
Start importing Assets/TextMesh Pro/Resources/Fonts & Materials/LiberationSans SDF - Outline.mat using Guid(79459efec17a4d00a321bdcc27bbc385) Importer(815301076,1909f56bfc062723c751e8b465ee728b)  -> (artifact id: 'cc4874e15ca4cbbdd4ad920166d555db') in 0.314372 seconds
  Import took 0.319244 seconds .

========================================================================
Received Import Request.
  Time since last request: 0.000206 seconds.
  path: Assets/Shader Graphs_AsteroidCracking.mat
  artifactKey: Guid(fe005e92273cf804f88d590d8259bb46) Importer(815301076,1909f56bfc062723c751e8b465ee728b)
Start importing Assets/Shader Graphs_AsteroidCracking.mat using Guid(fe005e92273cf804f88d590d8259bb46) Importer(815301076,1909f56bfc062723c751e8b465ee728b)  -> (artifact id: 'e0f21b117719a3d1150062052aad0269') in 0.040024 seconds
  Import took 0.044584 seconds .

========================================================================
Received Import Request.
  Time since last request: 0.000192 seconds.
  path: Assets/Shader Graphs_BlurCrosshair.mat
  artifactKey: Guid(b291066205aa6d34194165273ac941fc) Importer(815301076,1909f56bfc062723c751e8b465ee728b)
Start importing Assets/Shader Graphs_BlurCrosshair.mat using Guid(b291066205aa6d34194165273ac941fc) Importer(815301076,1909f56bfc062723c751e8b465ee728b)  -> (artifact id: 'cc43acbc67e7273cf5bccad102b6408e') in 0.046326 seconds
  Import took 0.051621 seconds .

========================================================================
Received Import Request.
  Time since last request: 0.000254 seconds.
  path: Assets/TextMesh Pro/Resources/Fonts & Materials/LiberationSans SDF - Drop Shadow.mat
  artifactKey: Guid(e73a58f6e2794ae7b1b7e50b7fb811b0) Importer(815301076,1909f56bfc062723c751e8b465ee728b)
Start importing Assets/TextMesh Pro/Resources/Fonts & Materials/LiberationSans SDF - Drop Shadow.mat using Guid(e73a58f6e2794ae7b1b7e50b7fb811b0) Importer(815301076,1909f56bfc062723c751e8b465ee728b)  -> (artifact id: '67a7f0f11f175448daa7ca57ff021df5') in 0.092511 seconds
  Import took 0.096967 seconds .

========================================================================
Received Import Request.
  Time since last request: 350.456693 seconds.
  path: Assets/TextMesh Pro/Fonts/LiberationSans.ttf
  artifactKey: Guid(e3265ab4bf004d28a9537516768c1c75) Importer(815301076,1909f56bfc062723c751e8b465ee728b)
Start importing Assets/TextMesh Pro/Fonts/LiberationSans.ttf using Guid(e3265ab4bf004d28a9537516768c1c75) Importer(815301076,1909f56bfc062723c751e8b465ee728b)  -> (artifact id: '343e31a355231911cfc4b0863ce11ee0') in 0.038303 seconds
  Import took 0.058301 seconds .

========================================================================
Received Import Request.
  Time since last request: 0.021114 seconds.
  path: Assets/TextMesh Pro/Fonts/LiberationSans.ttf
  artifactKey: Guid(e3265ab4bf004d28a9537516768c1c75) Importer(815301076,1909f56bfc062723c751e8b465ee728b)
Start importing Assets/TextMesh Pro/Fonts/LiberationSans.ttf using Guid(e3265ab4bf004d28a9537516768c1c75) Importer(815301076,1909f56bfc062723c751e8b465ee728b)  -> (artifact id: '343e31a355231911cfc4b0863ce11ee0') in 0.008706 seconds
  Import took 0.013361 seconds .

========================================================================
Received Import Request.
  Time since last request: 104.613458 seconds.
  path: Assets/Explosion_00.mat
  artifactKey: Guid(f9ba5d3fcb3507c4fb1e4a433de604ce) Importer(815301076,1909f56bfc062723c751e8b465ee728b)
Start importing Assets/Explosion_00.mat using Guid(f9ba5d3fcb3507c4fb1e4a433de604ce) Importer(815301076,1909f56bfc062723c751e8b465ee728b)  -> (artifact id: '6ee1d16f6df3888fe1c602ed61c73fa8') in 0.014945 seconds
  Import took 0.019547 seconds .

========================================================================
Received Import Request.
  Time since last request: 0.000205 seconds.
  path: Assets/Explosion_01.mat
  artifactKey: Guid(48751d35fa2fe9849b263c4b067d076f) Importer(815301076,1909f56bfc062723c751e8b465ee728b)
Start importing Assets/Explosion_01.mat using Guid(48751d35fa2fe9849b263c4b067d076f) Importer(815301076,1909f56bfc062723c751e8b465ee728b)  -> (artifact id: 'a6028062fd74397f9f7e865709befbd9') in 0.010242 seconds
  Import took 0.015027 seconds .

========================================================================
Received Import Request.
  Time since last request: 704.837179 seconds.
  path: Assets/Explosion_01.mat
  artifactKey: Guid(48751d35fa2fe9849b263c4b067d076f) Importer(815301076,1909f56bfc062723c751e8b465ee728b)
Start importing Assets/Explosion_01.mat using Guid(48751d35fa2fe9849b263c4b067d076f) Importer(815301076,1909f56bfc062723c751e8b465ee728b)  -> (artifact id: 'dc01b0054dc188a105b839768b987767') in 0.011024 seconds
  Import took 0.016204 seconds .

========================================================================
Received Import Request.
  Time since last request: 433.658723 seconds.
  path: Assets/Resources/Prefabs/Ships/ShipExplosion.prefab
  artifactKey: Guid(b0d9274bbd66cb741bcddbbe5ea88f42) Importer(815301076,1909f56bfc062723c751e8b465ee728b)
Start importing Assets/Resources/Prefabs/Ships/ShipExplosion.prefab using Guid(b0d9274bbd66cb741bcddbbe5ea88f42) Importer(815301076,1909f56bfc062723c751e8b465ee728b)  -> (artifact id: '155f2edeba44defe52803d67fcd28152') in 0.016112 seconds
  Import took 0.021423 seconds .

========================================================================
Received Prepare
Registering precompiled user dll's ...
Registered in 0.001558 seconds.
Begin MonoManager ReloadAssembly
Native extension for WindowsStandalone target not found
Native extension for WebGL target not found
Refreshing native plugins compatible for Editor in 0.53 ms, found 1 plugins.
Preloading 0 native plugins for Editor in 0.00 ms.
Mono: successfully reloaded assembly
- Completed reload, in  0.898 seconds
Platform modules already initialized, skipping
Shader 'Universal Render Pipeline/Particles/Lit': fallback shader 'Universal Render Pipeline/Particles/SimpleLit' not found
Refreshing native plugins compatible for Editor in 0.53 ms, found 1 plugins.
Preloading 0 native plugins for Editor in 0.00 ms.
Unloading 2868 Unused Serialized files (Serialized files now loaded: 0)
System memory in use before: 153.0 MB.
System memory in use after: 153.1 MB.

Unloading 13 unused Assets to reduce memory usage. Loaded Objects now: 3542.
Total: 2.367700 ms (FindLiveObjects: 0.277900 ms CreateObjectMapping: 0.131400 ms MarkObjects: 1.857700 ms  DeleteObjects: 0.099900 ms)

========================================================================
Received Prepare
Registering precompiled user dll's ...
Registered in 0.001561 seconds.
Begin MonoManager ReloadAssembly
Native extension for WindowsStandalone target not found
Native extension for WebGL target not found
Refreshing native plugins compatible for Editor in 0.52 ms, found 1 plugins.
Preloading 0 native plugins for Editor in 0.00 ms.
Mono: successfully reloaded assembly
- Completed reload, in  0.870 seconds
Platform modules already initialized, skipping
Shader 'Universal Render Pipeline/Particles/Lit': fallback shader 'Universal Render Pipeline/Particles/SimpleLit' not found
Refreshing native plugins compatible for Editor in 0.55 ms, found 1 plugins.
Preloading 0 native plugins for Editor in 0.00 ms.
Unloading 2868 Unused Serialized files (Serialized files now loaded: 0)
System memory in use before: 153.0 MB.
System memory in use after: 153.1 MB.

Unloading 13 unused Assets to reduce memory usage. Loaded Objects now: 3546.
Total: 2.794500 ms (FindLiveObjects: 0.355800 ms CreateObjectMapping: 0.189100 ms MarkObjects: 2.131200 ms  DeleteObjects: 0.116300 ms)

========================================================================
Received Prepare
Registering precompiled user dll's ...
Registered in 0.001516 seconds.
Begin MonoManager ReloadAssembly
Native extension for WindowsStandalone target not found
Native extension for WebGL target not found
Refreshing native plugins compatible for Editor in 0.52 ms, found 1 plugins.
Preloading 0 native plugins for Editor in 0.00 ms.
Mono: successfully reloaded assembly
- Completed reload, in  0.866 seconds
Platform modules already initialized, skipping
Shader 'Universal Render Pipeline/Particles/Lit': fallback shader 'Universal Render Pipeline/Particles/SimpleLit' not found
Refreshing native plugins compatible for Editor in 0.54 ms, found 1 plugins.
Preloading 0 native plugins for Editor in 0.00 ms.
Unloading 2868 Unused Serialized files (Serialized files now loaded: 0)
System memory in use before: 153.1 MB.
System memory in use after: 153.2 MB.

Unloading 13 unused Assets to reduce memory usage. Loaded Objects now: 3550.
Total: 2.724400 ms (FindLiveObjects: 0.335900 ms CreateObjectMapping: 0.156500 ms MarkObjects: 2.117300 ms  DeleteObjects: 0.113300 ms)

========================================================================
Received Import Request.
  Time since last request: 475.349653 seconds.
  path: Assets/Resources/Prefabs/Ships/ShipExplosion.prefab
  artifactKey: Guid(b0d9274bbd66cb741bcddbbe5ea88f42) Importer(815301076,1909f56bfc062723c751e8b465ee728b)
Start importing Assets/Resources/Prefabs/Ships/ShipExplosion.prefab using Guid(b0d9274bbd66cb741bcddbbe5ea88f42) Importer(815301076,1909f56bfc062723c751e8b465ee728b)  -> (artifact id: '4e98889816e240af235c9127dd973944') in 0.028693 seconds
  Import took 0.033670 seconds .

========================================================================
Received Prepare
Registering precompiled user dll's ...
Registered in 0.001552 seconds.
Begin MonoManager ReloadAssembly
Native extension for WindowsStandalone target not found
Native extension for WebGL target not found
Refreshing native plugins compatible for Editor in 0.52 ms, found 1 plugins.
Preloading 0 native plugins for Editor in 0.00 ms.
Mono: successfully reloaded assembly
- Completed reload, in  0.900 seconds
Platform modules already initialized, skipping
Shader 'Universal Render Pipeline/Particles/Lit': fallback shader 'Universal Render Pipeline/Particles/SimpleLit' not found
Refreshing native plugins compatible for Editor in 0.52 ms, found 1 plugins.
Preloading 0 native plugins for Editor in 0.00 ms.
Unloading 2868 Unused Serialized files (Serialized files now loaded: 0)
System memory in use before: 153.1 MB.
System memory in use after: 153.2 MB.

Unloading 13 unused Assets to reduce memory usage. Loaded Objects now: 3554.
Total: 2.304000 ms (FindLiveObjects: 0.284100 ms CreateObjectMapping: 0.132100 ms MarkObjects: 1.785000 ms  DeleteObjects: 0.101800 ms)

========================================================================
Received Import Request.
  Time since last request: 212.030866 seconds.
  path: Assets/Resources/Prefabs/Ships/ShipExplosion.prefab
  artifactKey: Guid(b0d9274bbd66cb741bcddbbe5ea88f42) Importer(815301076,1909f56bfc062723c751e8b465ee728b)
Start importing Assets/Resources/Prefabs/Ships/ShipExplosion.prefab using Guid(b0d9274bbd66cb741bcddbbe5ea88f42) Importer(815301076,1909f56bfc062723c751e8b465ee728b)  -> (artifact id: '832e8828e7e96716accf0adc8174eb21') in 0.030794 seconds
  Import took 0.036339 seconds .

========================================================================
Received Import Request.
  Time since last request: 0.001946 seconds.
  path: Assets/Resources/Prefabs/Ships/ShipExplosion.prefab
  artifactKey: Guid(b0d9274bbd66cb741bcddbbe5ea88f42) Importer(815301076,1909f56bfc062723c751e8b465ee728b)
Start importing Assets/Resources/Prefabs/Ships/ShipExplosion.prefab using Guid(b0d9274bbd66cb741bcddbbe5ea88f42) Importer(815301076,1909f56bfc062723c751e8b465ee728b)  -> (artifact id: '832e8828e7e96716accf0adc8174eb21') in 0.003992 seconds
  Import took 0.008722 seconds .

========================================================================
Received Import Request.
  Time since last request: 2.292906 seconds.
  path: Assets/Resources/Prefabs/Ships/ShipExplosion.prefab
  artifactKey: Guid(b0d9274bbd66cb741bcddbbe5ea88f42) Importer(815301076,1909f56bfc062723c751e8b465ee728b)
Start importing Assets/Resources/Prefabs/Ships/ShipExplosion.prefab using Guid(b0d9274bbd66cb741bcddbbe5ea88f42) Importer(815301076,1909f56bfc062723c751e8b465ee728b)  -> (artifact id: 'f7f40d482f39b4e2b3d303cbaded990f') in 0.004757 seconds
  Import took 0.010236 seconds .

========================================================================
Received Prepare
Registering precompiled user dll's ...
Registered in 0.001597 seconds.
Begin MonoManager ReloadAssembly
Native extension for WindowsStandalone target not found
Native extension for WebGL target not found
Refreshing native plugins compatible for Editor in 0.53 ms, found 1 plugins.
Preloading 0 native plugins for Editor in 0.00 ms.
Mono: successfully reloaded assembly
- Completed reload, in  0.917 seconds
Platform modules already initialized, skipping
Shader 'Universal Render Pipeline/Particles/Lit': fallback shader 'Universal Render Pipeline/Particles/SimpleLit' not found
Refreshing native plugins compatible for Editor in 0.54 ms, found 1 plugins.
Preloading 0 native plugins for Editor in 0.00 ms.
Unloading 2868 Unused Serialized files (Serialized files now loaded: 0)
System memory in use before: 153.1 MB.
System memory in use after: 153.2 MB.

Unloading 13 unused Assets to reduce memory usage. Loaded Objects now: 3558.
Total: 2.334600 ms (FindLiveObjects: 0.292300 ms CreateObjectMapping: 0.123900 ms MarkObjects: 1.810100 ms  DeleteObjects: 0.106800 ms)

========================================================================
Received Prepare
Registering precompiled user dll's ...
Registered in 0.001561 seconds.
Begin MonoManager ReloadAssembly
Native extension for WindowsStandalone target not found
Native extension for WebGL target not found
Refreshing native plugins compatible for Editor in 0.53 ms, found 1 plugins.
Preloading 0 native plugins for Editor in 0.00 ms.
Mono: successfully reloaded assembly
- Completed reload, in  0.891 seconds
Platform modules already initialized, skipping
Shader 'Universal Render Pipeline/Particles/Lit': fallback shader 'Universal Render Pipeline/Particles/SimpleLit' not found
Refreshing native plugins compatible for Editor in 0.53 ms, found 1 plugins.
Preloading 0 native plugins for Editor in 0.00 ms.
Unloading 2868 Unused Serialized files (Serialized files now loaded: 0)
System memory in use before: 153.1 MB.
System memory in use after: 153.2 MB.

Unloading 13 unused Assets to reduce memory usage. Loaded Objects now: 3562.
Total: 2.245300 ms (FindLiveObjects: 0.263600 ms CreateObjectMapping: 0.114100 ms MarkObjects: 1.763700 ms  DeleteObjects: 0.102900 ms)

========================================================================
Received Prepare
Registering precompiled user dll's ...
Registered in 0.001539 seconds.
Begin MonoManager ReloadAssembly
Native extension for WindowsStandalone target not found
Native extension for WebGL target not found
Refreshing native plugins compatible for Editor in 0.52 ms, found 1 plugins.
Preloading 0 native plugins for Editor in 0.00 ms.
Mono: successfully reloaded assembly
- Completed reload, in  0.852 seconds
Platform modules already initialized, skipping
Shader 'Universal Render Pipeline/Particles/Lit': fallback shader 'Universal Render Pipeline/Particles/SimpleLit' not found
Refreshing native plugins compatible for Editor in 0.52 ms, found 1 plugins.
Preloading 0 native plugins for Editor in 0.00 ms.
Unloading 2868 Unused Serialized files (Serialized files now loaded: 0)
System memory in use before: 153.1 MB.
System memory in use after: 153.2 MB.

Unloading 13 unused Assets to reduce memory usage. Loaded Objects now: 3566.
Total: 2.131100 ms (FindLiveObjects: 0.247500 ms CreateObjectMapping: 0.111300 ms MarkObjects: 1.674700 ms  DeleteObjects: 0.097000 ms)

AssetImportWorkerClient::OnTransportError - code=2 error=End of file
